<?xml version="1.0" encoding="UTF-8"?>
<testsuite name="com.wex.purchasetransaction.e2e.PurchaseTransactionEdgeCasesE2ETest" tests="11" skipped="0" failures="0" errors="0" timestamp="2026-04-20T15:26:57" hostname="Marcuss-MBP" time="0.674">
  <properties/>
  <testcase name="shouldReturn400WhenAmountIsMissing()" classname="com.wex.purchasetransaction.e2e.PurchaseTransactionEdgeCasesE2ETest" time="0.03"/>
  <testcase name="shouldStoreTransactionWithMinimumAmount()" classname="com.wex.purchasetransaction.e2e.PurchaseTransactionEdgeCasesE2ETest" time="0.039"/>
  <testcase name="shouldReturn400WhenAmountIsNegative()" classname="com.wex.purchasetransaction.e2e.PurchaseTransactionEdgeCasesE2ETest" time="0.023"/>
  <testcase name="shouldReturn400WhenIdIsNotValidUuid()" classname="com.wex.purchasetransaction.e2e.PurchaseTransactionEdgeCasesE2ETest" time="0.02"/>
  <testcase name="shouldHandleHighPrecisionExchangeRate()" classname="com.wex.purchasetransaction.e2e.PurchaseTransactionEdgeCasesE2ETest" time="0.073"/>
  <testcase name="shouldReturn400WhenDescriptionIsMissing()" classname="com.wex.purchasetransaction.e2e.PurchaseTransactionEdgeCasesE2ETest" time="0.022"/>
  <testcase name="shouldReturn400WhenCurrencyParameterIsMissing()" classname="com.wex.purchasetransaction.e2e.PurchaseTransactionEdgeCasesE2ETest" time="0.041"/>
  <testcase name="shouldNormalizeCurrencyCodeToUppercase()" classname="com.wex.purchasetransaction.e2e.PurchaseTransactionEdgeCasesE2ETest" time="0.106"/>
  <testcase name="shouldConvertWithRateExactly6MonthsBeforePurchaseDate()" classname="com.wex.purchasetransaction.e2e.PurchaseTransactionEdgeCasesE2ETest" time="0.082"/>
  <testcase name="shouldStoreTransactionWithSpecialCharactersInDescription()" classname="com.wex.purchasetransaction.e2e.PurchaseTransactionEdgeCasesE2ETest" time="0.161"/>
  <testcase name="shouldConvertWithRateExactlyOnPurchaseDate()" classname="com.wex.purchasetransaction.e2e.PurchaseTransactionEdgeCasesE2ETest" time="0.064"/>
  <system-out><![CDATA[2026-04-20T12:26:57.195-03:00  INFO 6997 --- [wex-purchase-transaction] [    Test worker] t.c.s.AnnotationConfigContextLoaderUtils : Could not detect default configuration classes for test class [com.wex.purchasetransaction.e2e.PurchaseTransactionEdgeCasesE2ETest]: PurchaseTransactionEdgeCasesE2ETest does not declare any static, non-private, non-final, nested classes annotated with @Configuration.
2026-04-20T12:26:57.198-03:00  INFO 6997 --- [wex-purchase-transaction] [    Test worker] .b.t.c.SpringBootTestContextBootstrapper : Found @SpringBootConfiguration com.wex.purchasetransaction.PurchaseTransactionApplication for test class com.wex.purchasetransaction.e2e.PurchaseTransactionEdgeCasesE2ETest
2026-04-20T12:26:57.381-03:00  INFO 6997 --- [wex-purchase-transaction] [o-auto-1-exec-4] c.w.p.i.e.treasury.TreasuryApiClient     : Treasury API --> GET http://localhost:8089?fields=country_currency_desc,exchange_rate,record_date&filter=country_currency_desc:eq:Brazil-Real,record_date:gte:2023-09-15,record_date:lte:2024-03-15&sort=-record_date&page%5Bsize%5D=1
2026-04-20T12:26:57.381-03:00 DEBUG 6997 --- [wex-purchase-transaction] [o-auto-1-exec-4] c.w.p.i.config.WebClientConfig           : Treasury API (filter) --> GET http://localhost:8089?fields=country_currency_desc,exchange_rate,record_date&filter=country_currency_desc:eq:Brazil-Real,record_date:gte:2023-09-15,record_date:lte:2024-03-15&sort=-record_date&page%5Bsize%5D=1
2026-04-20T12:26:57.395-03:00 DEBUG 6997 --- [wex-purchase-transaction] [ctor-http-nio-3] c.w.p.i.config.WebClientConfig           : Treasury API (filter) <-- 200 OK
2026-04-20T12:26:57.396-03:00  INFO 6997 --- [wex-purchase-transaction] [ctor-http-nio-3] c.w.p.i.e.treasury.TreasuryApiClient     : Treasury API <-- 200 OK body: TreasuryApiResponse[data=[ExchangeRateData[countryCurrentDesc=Brazil-Real, exchangeRate=5.123456789, recordDate=2024-03-01]]]
2026-04-20T12:26:57.552-03:00  INFO 6997 --- [wex-purchase-transaction] [-auto-1-exec-10] c.w.p.i.e.treasury.TreasuryApiClient     : Treasury API --> GET http://localhost:8089?fields=country_currency_desc,exchange_rate,record_date&filter=country_currency_desc:eq:Brazil-Real,record_date:gte:2023-09-15,record_date:lte:2024-03-15&sort=-record_date&page%5Bsize%5D=1
2026-04-20T12:26:57.552-03:00 DEBUG 6997 --- [wex-purchase-transaction] [-auto-1-exec-10] c.w.p.i.config.WebClientConfig           : Treasury API (filter) --> GET http://localhost:8089?fields=country_currency_desc,exchange_rate,record_date&filter=country_currency_desc:eq:Brazil-Real,record_date:gte:2023-09-15,record_date:lte:2024-03-15&sort=-record_date&page%5Bsize%5D=1
2026-04-20T12:26:57.559-03:00 DEBUG 6997 --- [wex-purchase-transaction] [ctor-http-nio-3] c.w.p.i.config.WebClientConfig           : Treasury API (filter) <-- 200 OK
2026-04-20T12:26:57.561-03:00  INFO 6997 --- [wex-purchase-transaction] [ctor-http-nio-3] c.w.p.i.e.treasury.TreasuryApiClient     : Treasury API <-- 200 OK body: TreasuryApiResponse[data=[ExchangeRateData[countryCurrentDesc=Brazil-Real, exchangeRate=5.00, recordDate=2024-03-01]]]
2026-04-20T12:26:57.637-03:00  INFO 6997 --- [wex-purchase-transaction] [o-auto-1-exec-2] c.w.p.i.e.treasury.TreasuryApiClient     : Treasury API --> GET http://localhost:8089?fields=country_currency_desc,exchange_rate,record_date&filter=country_currency_desc:eq:Brazil-Real,record_date:gte:2024-03-15,record_date:lte:2024-09-15&sort=-record_date&page%5Bsize%5D=1
2026-04-20T12:26:57.637-03:00 DEBUG 6997 --- [wex-purchase-transaction] [o-auto-1-exec-2] c.w.p.i.config.WebClientConfig           : Treasury API (filter) --> GET http://localhost:8089?fields=country_currency_desc,exchange_rate,record_date&filter=country_currency_desc:eq:Brazil-Real,record_date:gte:2024-03-15,record_date:lte:2024-09-15&sort=-record_date&page%5Bsize%5D=1
2026-04-20T12:26:57.643-03:00 DEBUG 6997 --- [wex-purchase-transaction] [ctor-http-nio-3] c.w.p.i.config.WebClientConfig           : Treasury API (filter) <-- 200 OK
2026-04-20T12:26:57.644-03:00  INFO 6997 --- [wex-purchase-transaction] [ctor-http-nio-3] c.w.p.i.e.treasury.TreasuryApiClient     : Treasury API <-- 200 OK body: TreasuryApiResponse[data=[ExchangeRateData[countryCurrentDesc=Brazil-Real, exchangeRate=5.10, recordDate=2024-03-15]]]
2026-04-20T12:26:57.868-03:00  INFO 6997 --- [wex-purchase-transaction] [o-auto-1-exec-8] c.w.p.i.e.treasury.TreasuryApiClient     : Treasury API --> GET http://localhost:8089?fields=country_currency_desc,exchange_rate,record_date&filter=country_currency_desc:eq:Brazil-Real,record_date:gte:2023-09-15,record_date:lte:2024-03-15&sort=-record_date&page%5Bsize%5D=1
2026-04-20T12:26:57.868-03:00 DEBUG 6997 --- [wex-purchase-transaction] [o-auto-1-exec-8] c.w.p.i.config.WebClientConfig           : Treasury API (filter) --> GET http://localhost:8089?fields=country_currency_desc,exchange_rate,record_date&filter=country_currency_desc:eq:Brazil-Real,record_date:gte:2023-09-15,record_date:lte:2024-03-15&sort=-record_date&page%5Bsize%5D=1
2026-04-20T12:26:57.873-03:00 DEBUG 6997 --- [wex-purchase-transaction] [ctor-http-nio-3] c.w.p.i.config.WebClientConfig           : Treasury API (filter) <-- 200 OK
2026-04-20T12:26:57.875-03:00  INFO 6997 --- [wex-purchase-transaction] [ctor-http-nio-3] c.w.p.i.e.treasury.TreasuryApiClient     : Treasury API <-- 200 OK body: TreasuryApiResponse[data=[ExchangeRateData[countryCurrentDesc=Brazil-Real, exchangeRate=4.85, recordDate=2024-03-15]]]
]]></system-out>
  <system-err><![CDATA[]]></system-err>
</testsuite>
