<?xml version="1.0" encoding="UTF-8"?>
<testsuite name="com.wex.purchasetransaction.integration.external.TreasuryApiClientIT" tests="15" skipped="0" failures="0" errors="0" timestamp="2026-04-20T15:26:58" hostname="Marcuss-MBP" time="15.234">
  <properties/>
  <testcase name="findRate_shouldReturnRate_whenRecordDateIsExactly6MonthsBeforePurchase()" classname="com.wex.purchasetransaction.integration.external.TreasuryApiClientIT" time="0.023"/>
  <testcase name="findRate_shouldHandleMalformedJsonResponse()" classname="com.wex.purchasetransaction.integration.external.TreasuryApiClientIT" time="0.024"/>
  <testcase name="findRate_shouldReturnEmpty_when404()" classname="com.wex.purchasetransaction.integration.external.TreasuryApiClientIT" time="0.017"/>
  <testcase name="findRate_shouldReturnEmpty_when500ServerError()" classname="com.wex.purchasetransaction.integration.external.TreasuryApiClientIT" time="0.028"/>
  <testcase name="findRate_shouldExtractCurrencyNameWhenNoDashInDescription()" classname="com.wex.purchasetransaction.integration.external.TreasuryApiClientIT" time="0.011"/>
  <testcase name="findRate_shouldReturnRate_whenRecordDateEqualsExactPurchaseDate()" classname="com.wex.purchasetransaction.integration.external.TreasuryApiClientIT" time="0.01"/>
  <testcase name="findRate_shouldReturnEmpty_whenExchangeRateIsNull()" classname="com.wex.purchasetransaction.integration.external.TreasuryApiClientIT" time="0.01"/>
  <testcase name="findRate_shouldReturnEmpty_whenExchangeRateIsZero()" classname="com.wex.purchasetransaction.integration.external.TreasuryApiClientIT" time="0.009"/>
  <testcase name="findRate_shouldReturnEmpty_whenExchangeRateIsNegative()" classname="com.wex.purchasetransaction.integration.external.TreasuryApiClientIT" time="0.009"/>
  <testcase name="findRate_shouldExtractCurrencyNameFromCountryCurrentDesc()" classname="com.wex.purchasetransaction.integration.external.TreasuryApiClientIT" time="0.009"/>
  <testcase name="findRate_shouldHandleTimeout()" classname="com.wex.purchasetransaction.integration.external.TreasuryApiClientIT" time="15.034"/>
  <testcase name="findRate_shouldHandleExchangeRateWithManyDecimalPlaces()" classname="com.wex.purchasetransaction.integration.external.TreasuryApiClientIT" time="0.016"/>
  <testcase name="findRate_shouldReturnExchangeRate_whenDataAvailable()" classname="com.wex.purchasetransaction.integration.external.TreasuryApiClientIT" time="0.01"/>
  <testcase name="findRate_shouldReturnEmpty_when503ServiceUnavailable()" classname="com.wex.purchasetransaction.integration.external.TreasuryApiClientIT" time="0.008"/>
  <testcase name="findRate_shouldReturnEmpty_whenNoDataAvailable()" classname="com.wex.purchasetransaction.integration.external.TreasuryApiClientIT" time="0.007"/>
  <system-out><![CDATA[2026-04-20T12:26:57.901-03:00  INFO 6997 --- [wex-purchase-transaction] [    Test worker] t.c.s.AnnotationConfigContextLoaderUtils : Could not detect default configuration classes for test class [com.wex.purchasetransaction.integration.external.TreasuryApiClientIT]: TreasuryApiClientIT does not declare any static, non-private, non-final, nested classes annotated with @Configuration.
2026-04-20T12:26:57.912-03:00  INFO 6997 --- [wex-purchase-transaction] [    Test worker] .b.t.c.SpringBootTestContextBootstrapper : Found @SpringBootConfiguration com.wex.purchasetransaction.PurchaseTransactionApplication for test class com.wex.purchasetransaction.integration.external.TreasuryApiClientIT

  .   ____          _            __ _ _
 /\\ / ___'_ __ _ _(_)_ __  __ _ \ \ \ \
( ( )\___ | '_ | '_| | '_ \/ _` | \ \ \ \
 \\/  ___)| |_)| | | | | || (_| |  ) ) ) )
  '  |____| .__|_| |_|_| |_\__, | / / / /
 =========|_|==============|___/=/_/_/_/

 :: Spring Boot ::                (v3.3.4)

2026-04-20T12:26:57.980-03:00  INFO 6997 --- [wex-purchase-transaction] [    Test worker] c.w.p.i.external.TreasuryApiClientIT     : Starting TreasuryApiClientIT using Java 21.0.9 with PID 6997 (started by bruno in /Users/bruno/study/wex/wex-purchase-transaction)
2026-04-20T12:26:57.981-03:00 DEBUG 6997 --- [wex-purchase-transaction] [    Test worker] c.w.p.i.external.TreasuryApiClientIT     : Running with Spring Boot v3.3.4, Spring v6.1.13
2026-04-20T12:26:57.981-03:00  INFO 6997 --- [wex-purchase-transaction] [    Test worker] c.w.p.i.external.TreasuryApiClientIT     : The following 1 profile is active: "test"
2026-04-20T12:26:58.165-03:00  INFO 6997 --- [wex-purchase-transaction] [    Test worker] .s.d.r.c.RepositoryConfigurationDelegate : Bootstrapping Spring Data JPA repositories in DEFAULT mode.
2026-04-20T12:26:58.179-03:00  INFO 6997 --- [wex-purchase-transaction] [    Test worker] .s.d.r.c.RepositoryConfigurationDelegate : Finished Spring Data repository scanning in 13 ms. Found 1 JPA repository interface.
2026-04-20T12:26:58.283-03:00  INFO 6997 --- [wex-purchase-transaction] [    Test worker] com.zaxxer.hikari.HikariDataSource       : HikariPool-2 - Starting...
2026-04-20T12:26:58.284-03:00  INFO 6997 --- [wex-purchase-transaction] [    Test worker] com.zaxxer.hikari.pool.HikariPool        : HikariPool-2 - Added connection conn10: url=jdbc:h2:mem:testdb user=SA
2026-04-20T12:26:58.284-03:00  INFO 6997 --- [wex-purchase-transaction] [    Test worker] com.zaxxer.hikari.HikariDataSource       : HikariPool-2 - Start completed.
2026-04-20T12:26:58.286-03:00  INFO 6997 --- [wex-purchase-transaction] [    Test worker] org.flywaydb.core.FlywayExecutor         : Database: jdbc:h2:mem:testdb (H2 2.2)
2026-04-20T12:26:58.288-03:00  WARN 6997 --- [wex-purchase-transaction] [    Test worker] o.f.c.internal.database.base.Database    : Flyway upgrade recommended: H2 2.2.224 is newer than this version of Flyway and support has not been tested. The latest supported version of H2 is 2.2.220.
2026-04-20T12:26:58.292-03:00  INFO 6997 --- [wex-purchase-transaction] [    Test worker] o.f.core.internal.command.DbValidate     : Successfully validated 1 migration (execution time 00:00.002s)
2026-04-20T12:26:58.295-03:00  INFO 6997 --- [wex-purchase-transaction] [    Test worker] o.f.core.internal.command.DbMigrate      : Current version of schema "PUBLIC": 1
2026-04-20T12:26:58.295-03:00  INFO 6997 --- [wex-purchase-transaction] [    Test worker] o.f.core.internal.command.DbMigrate      : Schema "PUBLIC" is up to date. No migration necessary.
2026-04-20T12:26:58.323-03:00  INFO 6997 --- [wex-purchase-transaction] [    Test worker] o.hibernate.jpa.internal.util.LogHelper  : HHH000204: Processing PersistenceUnitInfo [name: default]
2026-04-20T12:26:58.326-03:00  INFO 6997 --- [wex-purchase-transaction] [    Test worker] o.h.c.internal.RegionFactoryInitiator    : HHH000026: Second-level cache disabled
2026-04-20T12:26:58.345-03:00  INFO 6997 --- [wex-purchase-transaction] [    Test worker] o.s.o.j.p.SpringPersistenceUnitInfo      : No LoadTimeWeaver setup: ignoring JPA class transformer
2026-04-20T12:26:58.346-03:00  WARN 6997 --- [wex-purchase-transaction] [    Test worker] org.hibernate.orm.deprecation            : HHH90000025: H2Dialect does not need to be specified explicitly using 'hibernate.dialect' (remove the property setting and it will be selected by default)
2026-04-20T12:26:58.394-03:00  INFO 6997 --- [wex-purchase-transaction] [    Test worker] o.h.e.t.j.p.i.JtaPlatformInitiator       : HHH000489: No JTA platform available (set 'hibernate.transaction.jta.platform' to enable JTA platform integration)
2026-04-20T12:26:58.396-03:00  INFO 6997 --- [wex-purchase-transaction] [    Test worker] j.LocalContainerEntityManagerFactoryBean : Initialized JPA EntityManagerFactory for persistence unit 'default'
2026-04-20T12:26:58.559-03:00  INFO 6997 --- [wex-purchase-transaction] [    Test worker] c.w.p.i.external.TreasuryApiClientIT     : Started TreasuryApiClientIT in 0.637 seconds (process running for 22.767)
2026-04-20T12:26:58.564-03:00  INFO 6997 --- [wex-purchase-transaction] [    Test worker] c.w.p.i.e.treasury.TreasuryApiClient     : Treasury API --> GET http://localhost:8089?fields=country_currency_desc,exchange_rate,record_date&filter=country_currency_desc:eq:Brazil-Real,record_date:gte:2024-03-15,record_date:lte:2024-09-15&sort=-record_date&page%5Bsize%5D=1
2026-04-20T12:26:58.565-03:00 DEBUG 6997 --- [wex-purchase-transaction] [    Test worker] c.w.p.i.config.WebClientConfig           : Treasury API (filter) --> GET http://localhost:8089?fields=country_currency_desc,exchange_rate,record_date&filter=country_currency_desc:eq:Brazil-Real,record_date:gte:2024-03-15,record_date:lte:2024-09-15&sort=-record_date&page%5Bsize%5D=1
2026-04-20T12:26:58.577-03:00 DEBUG 6997 --- [wex-purchase-transaction] [ctor-http-nio-4] c.w.p.i.config.WebClientConfig           : Treasury API (filter) <-- 200 OK
2026-04-20T12:26:58.581-03:00  INFO 6997 --- [wex-purchase-transaction] [ctor-http-nio-4] c.w.p.i.e.treasury.TreasuryApiClient     : Treasury API <-- 200 OK body: TreasuryApiResponse[data=[ExchangeRateData[countryCurrentDesc=Brazil-Real, exchangeRate=5.25, recordDate=2024-03-15]]]
2026-04-20T12:26:58.589-03:00  INFO 6997 --- [wex-purchase-transaction] [    Test worker] c.w.p.i.e.treasury.TreasuryApiClient     : Treasury API --> GET http://localhost:8089?fields=country_currency_desc,exchange_rate,record_date&filter=country_currency_desc:eq:Brazil-Real,record_date:gte:2023-09-15,record_date:lte:2024-03-15&sort=-record_date&page%5Bsize%5D=1
2026-04-20T12:26:58.589-03:00 DEBUG 6997 --- [wex-purchase-transaction] [    Test worker] c.w.p.i.config.WebClientConfig           : Treasury API (filter) --> GET http://localhost:8089?fields=country_currency_desc,exchange_rate,record_date&filter=country_currency_desc:eq:Brazil-Real,record_date:gte:2023-09-15,record_date:lte:2024-03-15&sort=-record_date&page%5Bsize%5D=1
2026-04-20T12:26:58.593-03:00 DEBUG 6997 --- [wex-purchase-transaction] [ctor-http-nio-4] c.w.p.i.config.WebClientConfig           : Treasury API (filter) <-- 200 OK
2026-04-20T12:26:58.612-03:00  INFO 6997 --- [wex-purchase-transaction] [    Test worker] c.w.p.i.e.treasury.TreasuryApiClient     : Treasury API --> GET http://localhost:8089?fields=country_currency_desc,exchange_rate,record_date&filter=country_currency_desc:eq:Brazil-Real,record_date:gte:2018-12-01,record_date:lte:2019-06-01&sort=-record_date&page%5Bsize%5D=1
2026-04-20T12:26:58.612-03:00 DEBUG 6997 --- [wex-purchase-transaction] [    Test worker] c.w.p.i.config.WebClientConfig           : Treasury API (filter) --> GET http://localhost:8089?fields=country_currency_desc,exchange_rate,record_date&filter=country_currency_desc:eq:Brazil-Real,record_date:gte:2018-12-01,record_date:lte:2019-06-01&sort=-record_date&page%5Bsize%5D=1
2026-04-20T12:26:58.617-03:00 DEBUG 6997 --- [wex-purchase-transaction] [ctor-http-nio-4] c.w.p.i.config.WebClientConfig           : Treasury API (filter) <-- 404 NOT_FOUND
2026-04-20T12:26:58.619-03:00  WARN 6997 --- [wex-purchase-transaction] [ctor-http-nio-4] c.w.p.i.e.treasury.TreasuryApiClient     : Treasury API <-- 404 NOT_FOUND (no data) filter='country_currency_desc:eq:Brazil-Real,record_date:gte:2018-12-01,record_date:lte:2019-06-01'
2026-04-20T12:26:58.630-03:00  INFO 6997 --- [wex-purchase-transaction] [    Test worker] c.w.p.i.e.treasury.TreasuryApiClient     : Treasury API --> GET http://localhost:8089?fields=country_currency_desc,exchange_rate,record_date&filter=country_currency_desc:eq:Brazil-Real,record_date:gte:2023-09-15,record_date:lte:2024-03-15&sort=-record_date&page%5Bsize%5D=1
2026-04-20T12:26:58.631-03:00 DEBUG 6997 --- [wex-purchase-transaction] [    Test worker] c.w.p.i.config.WebClientConfig           : Treasury API (filter) --> GET http://localhost:8089?fields=country_currency_desc,exchange_rate,record_date&filter=country_currency_desc:eq:Brazil-Real,record_date:gte:2023-09-15,record_date:lte:2024-03-15&sort=-record_date&page%5Bsize%5D=1
2026-04-20T12:26:58.635-03:00 DEBUG 6997 --- [wex-purchase-transaction] [ctor-http-nio-4] c.w.p.i.config.WebClientConfig           : Treasury API (filter) <-- 500 INTERNAL_SERVER_ERROR
2026-04-20T12:26:58.637-03:00 ERROR 6997 --- [wex-purchase-transaction] [ctor-http-nio-4] c.w.p.i.e.treasury.TreasuryApiClient     : Treasury API <-- 500 INTERNAL_SERVER_ERROR body: {"error": "Internal Server Error"}

2026-04-20T12:26:58.659-03:00  INFO 6997 --- [wex-purchase-transaction] [    Test worker] c.w.p.i.e.treasury.TreasuryApiClient     : Treasury API --> GET http://localhost:8089?fields=country_currency_desc,exchange_rate,record_date&filter=country_currency_desc:eq:Dollar,record_date:gte:2023-09-15,record_date:lte:2024-03-15&sort=-record_date&page%5Bsize%5D=1
2026-04-20T12:26:58.660-03:00 DEBUG 6997 --- [wex-purchase-transaction] [    Test worker] c.w.p.i.config.WebClientConfig           : Treasury API (filter) --> GET http://localhost:8089?fields=country_currency_desc,exchange_rate,record_date&filter=country_currency_desc:eq:Dollar,record_date:gte:2023-09-15,record_date:lte:2024-03-15&sort=-record_date&page%5Bsize%5D=1
2026-04-20T12:26:58.664-03:00 DEBUG 6997 --- [wex-purchase-transaction] [ctor-http-nio-4] c.w.p.i.config.WebClientConfig           : Treasury API (filter) <-- 200 OK
2026-04-20T12:26:58.666-03:00  INFO 6997 --- [wex-purchase-transaction] [ctor-http-nio-4] c.w.p.i.e.treasury.TreasuryApiClient     : Treasury API <-- 200 OK body: TreasuryApiResponse[data=[ExchangeRateData[countryCurrentDesc=Dollar, exchangeRate=1.00, recordDate=2024-03-01]]]
2026-04-20T12:26:58.670-03:00  INFO 6997 --- [wex-purchase-transaction] [    Test worker] c.w.p.i.e.treasury.TreasuryApiClient     : Treasury API --> GET http://localhost:8089?fields=country_currency_desc,exchange_rate,record_date&filter=country_currency_desc:eq:Brazil-Real,record_date:gte:2023-09-15,record_date:lte:2024-03-15&sort=-record_date&page%5Bsize%5D=1
2026-04-20T12:26:58.670-03:00 DEBUG 6997 --- [wex-purchase-transaction] [    Test worker] c.w.p.i.config.WebClientConfig           : Treasury API (filter) --> GET http://localhost:8089?fields=country_currency_desc,exchange_rate,record_date&filter=country_currency_desc:eq:Brazil-Real,record_date:gte:2023-09-15,record_date:lte:2024-03-15&sort=-record_date&page%5Bsize%5D=1
2026-04-20T12:26:58.675-03:00 DEBUG 6997 --- [wex-purchase-transaction] [ctor-http-nio-4] c.w.p.i.config.WebClientConfig           : Treasury API (filter) <-- 200 OK
2026-04-20T12:26:58.676-03:00  INFO 6997 --- [wex-purchase-transaction] [ctor-http-nio-4] c.w.p.i.e.treasury.TreasuryApiClient     : Treasury API <-- 200 OK body: TreasuryApiResponse[data=[ExchangeRateData[countryCurrentDesc=Brazil-Real, exchangeRate=4.97, recordDate=2024-03-15]]]
2026-04-20T12:26:58.681-03:00  INFO 6997 --- [wex-purchase-transaction] [    Test worker] c.w.p.i.e.treasury.TreasuryApiClient     : Treasury API --> GET http://localhost:8089?fields=country_currency_desc,exchange_rate,record_date&filter=country_currency_desc:eq:Brazil-Real,record_date:gte:2024-03-01,record_date:lte:2024-09-01&sort=-record_date&page%5Bsize%5D=1
2026-04-20T12:26:58.681-03:00 DEBUG 6997 --- [wex-purchase-transaction] [    Test worker] c.w.p.i.config.WebClientConfig           : Treasury API (filter) --> GET http://localhost:8089?fields=country_currency_desc,exchange_rate,record_date&filter=country_currency_desc:eq:Brazil-Real,record_date:gte:2024-03-01,record_date:lte:2024-09-01&sort=-record_date&page%5Bsize%5D=1
2026-04-20T12:26:58.685-03:00 DEBUG 6997 --- [wex-purchase-transaction] [ctor-http-nio-4] c.w.p.i.config.WebClientConfig           : Treasury API (filter) <-- 200 OK
2026-04-20T12:26:58.687-03:00  INFO 6997 --- [wex-purchase-transaction] [ctor-http-nio-4] c.w.p.i.e.treasury.TreasuryApiClient     : Treasury API <-- 200 OK body: TreasuryApiResponse[data=[ExchangeRateData[countryCurrentDesc=Brazil-Real, exchangeRate=null, recordDate=2024-03-01]]]
2026-04-20T12:26:58.687-03:00  WARN 6997 --- [wex-purchase-transaction] [    Test worker] c.w.p.i.e.treasury.TreasuryApiClient     : Treasury API returned invalid exchange rate 'null' for filter: 'country_currency_desc:eq:Brazil-Real,record_date:gte:2024-03-01,record_date:lte:2024-09-01'
2026-04-20T12:26:58.690-03:00  INFO 6997 --- [wex-purchase-transaction] [    Test worker] c.w.p.i.e.treasury.TreasuryApiClient     : Treasury API --> GET http://localhost:8089?fields=country_currency_desc,exchange_rate,record_date&filter=country_currency_desc:eq:Brazil-Real,record_date:gte:2023-12-01,record_date:lte:2024-06-01&sort=-record_date&page%5Bsize%5D=1
2026-04-20T12:26:58.691-03:00 DEBUG 6997 --- [wex-purchase-transaction] [    Test worker] c.w.p.i.config.WebClientConfig           : Treasury API (filter) --> GET http://localhost:8089?fields=country_currency_desc,exchange_rate,record_date&filter=country_currency_desc:eq:Brazil-Real,record_date:gte:2023-12-01,record_date:lte:2024-06-01&sort=-record_date&page%5Bsize%5D=1
2026-04-20T12:26:58.694-03:00 DEBUG 6997 --- [wex-purchase-transaction] [ctor-http-nio-4] c.w.p.i.config.WebClientConfig           : Treasury API (filter) <-- 200 OK
2026-04-20T12:26:58.695-03:00  INFO 6997 --- [wex-purchase-transaction] [ctor-http-nio-4] c.w.p.i.e.treasury.TreasuryApiClient     : Treasury API <-- 200 OK body: TreasuryApiResponse[data=[ExchangeRateData[countryCurrentDesc=Brazil-Real, exchangeRate=0.00, recordDate=2024-03-01]]]
2026-04-20T12:26:58.695-03:00  WARN 6997 --- [wex-purchase-transaction] [    Test worker] c.w.p.i.e.treasury.TreasuryApiClient     : Treasury API returned invalid exchange rate '0.00' for filter: 'country_currency_desc:eq:Brazil-Real,record_date:gte:2023-12-01,record_date:lte:2024-06-01'
2026-04-20T12:26:58.699-03:00  INFO 6997 --- [wex-purchase-transaction] [    Test worker] c.w.p.i.e.treasury.TreasuryApiClient     : Treasury API --> GET http://localhost:8089?fields=country_currency_desc,exchange_rate,record_date&filter=country_currency_desc:eq:Brazil-Real,record_date:gte:2023-09-15,record_date:lte:2024-03-15&sort=-record_date&page%5Bsize%5D=1
2026-04-20T12:26:58.700-03:00 DEBUG 6997 --- [wex-purchase-transaction] [    Test worker] c.w.p.i.config.WebClientConfig           : Treasury API (filter) --> GET http://localhost:8089?fields=country_currency_desc,exchange_rate,record_date&filter=country_currency_desc:eq:Brazil-Real,record_date:gte:2023-09-15,record_date:lte:2024-03-15&sort=-record_date&page%5Bsize%5D=1
2026-04-20T12:26:58.704-03:00 DEBUG 6997 --- [wex-purchase-transaction] [ctor-http-nio-4] c.w.p.i.config.WebClientConfig           : Treasury API (filter) <-- 200 OK
2026-04-20T12:26:58.705-03:00  INFO 6997 --- [wex-purchase-transaction] [ctor-http-nio-4] c.w.p.i.e.treasury.TreasuryApiClient     : Treasury API <-- 200 OK body: TreasuryApiResponse[data=[ExchangeRateData[countryCurrentDesc=Brazil-Real, exchangeRate=-1.50, recordDate=2024-03-01]]]
2026-04-20T12:26:58.705-03:00  WARN 6997 --- [wex-purchase-transaction] [    Test worker] c.w.p.i.e.treasury.TreasuryApiClient     : Treasury API returned invalid exchange rate '-1.50' for filter: 'country_currency_desc:eq:Brazil-Real,record_date:gte:2023-09-15,record_date:lte:2024-03-15'
2026-04-20T12:26:58.709-03:00  INFO 6997 --- [wex-purchase-transaction] [    Test worker] c.w.p.i.e.treasury.TreasuryApiClient     : Treasury API --> GET http://localhost:8089?fields=country_currency_desc,exchange_rate,record_date&filter=country_currency_desc:eq:Euro%20Zone-Euro,record_date:gte:2023-10-01,record_date:lte:2024-04-01&sort=-record_date&page%5Bsize%5D=1
2026-04-20T12:26:58.710-03:00 DEBUG 6997 --- [wex-purchase-transaction] [    Test worker] c.w.p.i.config.WebClientConfig           : Treasury API (filter) --> GET http://localhost:8089?fields=country_currency_desc,exchange_rate,record_date&filter=country_currency_desc:eq:Euro%20Zone-Euro,record_date:gte:2023-10-01,record_date:lte:2024-04-01&sort=-record_date&page%5Bsize%5D=1
2026-04-20T12:26:58.714-03:00 DEBUG 6997 --- [wex-purchase-transaction] [ctor-http-nio-4] c.w.p.i.config.WebClientConfig           : Treasury API (filter) <-- 200 OK
2026-04-20T12:26:58.715-03:00  INFO 6997 --- [wex-purchase-transaction] [ctor-http-nio-4] c.w.p.i.e.treasury.TreasuryApiClient     : Treasury API <-- 200 OK body: TreasuryApiResponse[data=[ExchangeRateData[countryCurrentDesc=Euro Zone-Euro, exchangeRate=0.9200, recordDate=2024-03-01]]]
2026-04-20T12:26:58.719-03:00  INFO 6997 --- [wex-purchase-transaction] [    Test worker] c.w.p.i.e.treasury.TreasuryApiClient     : Treasury API --> GET http://localhost:8089?fields=country_currency_desc,exchange_rate,record_date&filter=country_currency_desc:eq:Brazil-Real,record_date:gte:2023-09-15,record_date:lte:2024-03-15&sort=-record_date&page%5Bsize%5D=1
2026-04-20T12:26:58.719-03:00 DEBUG 6997 --- [wex-purchase-transaction] [    Test worker] c.w.p.i.config.WebClientConfig           : Treasury API (filter) --> GET http://localhost:8089?fields=country_currency_desc,exchange_rate,record_date&filter=country_currency_desc:eq:Brazil-Real,record_date:gte:2023-09-15,record_date:lte:2024-03-15&sort=-record_date&page%5Bsize%5D=1
2026-04-20T12:27:13.736-03:00  WARN 6997 --- [wex-purchase-transaction] [ctor-http-nio-4] r.netty.http.client.HttpClientConnect    : [b29a5fc7-11, L:/127.0.0.1:51906 - R:localhost/127.0.0.1:8089] The connection observed an error

io.netty.handler.timeout.ReadTimeoutException: null

2026-04-20T12:27:13.754-03:00  INFO 6997 --- [wex-purchase-transaction] [    Test worker] c.w.p.i.e.treasury.TreasuryApiClient     : Treasury API --> GET http://localhost:8089?fields=country_currency_desc,exchange_rate,record_date&filter=country_currency_desc:eq:Brazil-Real,record_date:gte:2023-09-15,record_date:lte:2024-03-15&sort=-record_date&page%5Bsize%5D=1
2026-04-20T12:27:13.754-03:00 DEBUG 6997 --- [wex-purchase-transaction] [    Test worker] c.w.p.i.config.WebClientConfig           : Treasury API (filter) --> GET http://localhost:8089?fields=country_currency_desc,exchange_rate,record_date&filter=country_currency_desc:eq:Brazil-Real,record_date:gte:2023-09-15,record_date:lte:2024-03-15&sort=-record_date&page%5Bsize%5D=1
2026-04-20T12:27:13.762-03:00 DEBUG 6997 --- [wex-purchase-transaction] [ctor-http-nio-5] c.w.p.i.config.WebClientConfig           : Treasury API (filter) <-- 200 OK
2026-04-20T12:27:13.764-03:00  INFO 6997 --- [wex-purchase-transaction] [ctor-http-nio-5] c.w.p.i.e.treasury.TreasuryApiClient     : Treasury API <-- 200 OK body: TreasuryApiResponse[data=[ExchangeRateData[countryCurrentDesc=Brazil-Real, exchangeRate=5.123456789, recordDate=2024-03-01]]]
2026-04-20T12:27:13.771-03:00  INFO 6997 --- [wex-purchase-transaction] [    Test worker] c.w.p.i.e.treasury.TreasuryApiClient     : Treasury API --> GET http://localhost:8089?fields=country_currency_desc,exchange_rate,record_date&filter=country_currency_desc:eq:Brazil-Real,record_date:gte:2023-09-15,record_date:lte:2024-03-15&sort=-record_date&page%5Bsize%5D=1
2026-04-20T12:27:13.771-03:00 DEBUG 6997 --- [wex-purchase-transaction] [    Test worker] c.w.p.i.config.WebClientConfig           : Treasury API (filter) --> GET http://localhost:8089?fields=country_currency_desc,exchange_rate,record_date&filter=country_currency_desc:eq:Brazil-Real,record_date:gte:2023-09-15,record_date:lte:2024-03-15&sort=-record_date&page%5Bsize%5D=1
2026-04-20T12:27:13.776-03:00 DEBUG 6997 --- [wex-purchase-transaction] [ctor-http-nio-5] c.w.p.i.config.WebClientConfig           : Treasury API (filter) <-- 200 OK
2026-04-20T12:27:13.778-03:00  INFO 6997 --- [wex-purchase-transaction] [ctor-http-nio-5] c.w.p.i.e.treasury.TreasuryApiClient     : Treasury API <-- 200 OK body: TreasuryApiResponse[data=[ExchangeRateData[countryCurrentDesc=Brazil-Real, exchangeRate=4.9700, recordDate=2024-03-01]]]
2026-04-20T12:27:13.782-03:00  INFO 6997 --- [wex-purchase-transaction] [    Test worker] c.w.p.i.e.treasury.TreasuryApiClient     : Treasury API --> GET http://localhost:8089?fields=country_currency_desc,exchange_rate,record_date&filter=country_currency_desc:eq:Brazil-Real,record_date:gte:2023-09-15,record_date:lte:2024-03-15&sort=-record_date&page%5Bsize%5D=1
2026-04-20T12:27:13.782-03:00 DEBUG 6997 --- [wex-purchase-transaction] [    Test worker] c.w.p.i.config.WebClientConfig           : Treasury API (filter) --> GET http://localhost:8089?fields=country_currency_desc,exchange_rate,record_date&filter=country_currency_desc:eq:Brazil-Real,record_date:gte:2023-09-15,record_date:lte:2024-03-15&sort=-record_date&page%5Bsize%5D=1
2026-04-20T12:27:13.786-03:00 DEBUG 6997 --- [wex-purchase-transaction] [ctor-http-nio-5] c.w.p.i.config.WebClientConfig           : Treasury API (filter) <-- 503 SERVICE_UNAVAILABLE
2026-04-20T12:27:13.787-03:00 ERROR 6997 --- [wex-purchase-transaction] [ctor-http-nio-5] c.w.p.i.e.treasury.TreasuryApiClient     : Treasury API <-- 503 SERVICE_UNAVAILABLE body: {"error": "Service Unavailable"}

2026-04-20T12:27:13.790-03:00  INFO 6997 --- [wex-purchase-transaction] [    Test worker] c.w.p.i.e.treasury.TreasuryApiClient     : Treasury API --> GET http://localhost:8089?fields=country_currency_desc,exchange_rate,record_date&filter=country_currency_desc:eq:Brazil-Real,record_date:gte:2019-07-01,record_date:lte:2020-01-01&sort=-record_date&page%5Bsize%5D=1
2026-04-20T12:27:13.791-03:00 DEBUG 6997 --- [wex-purchase-transaction] [    Test worker] c.w.p.i.config.WebClientConfig           : Treasury API (filter) --> GET http://localhost:8089?fields=country_currency_desc,exchange_rate,record_date&filter=country_currency_desc:eq:Brazil-Real,record_date:gte:2019-07-01,record_date:lte:2020-01-01&sort=-record_date&page%5Bsize%5D=1
2026-04-20T12:27:13.794-03:00 DEBUG 6997 --- [wex-purchase-transaction] [ctor-http-nio-5] c.w.p.i.config.WebClientConfig           : Treasury API (filter) <-- 200 OK
2026-04-20T12:27:13.795-03:00  INFO 6997 --- [wex-purchase-transaction] [ctor-http-nio-5] c.w.p.i.e.treasury.TreasuryApiClient     : Treasury API <-- 200 OK body: TreasuryApiResponse[data=[]]
]]></system-out>
  <system-err><![CDATA[]]></system-err>
</testsuite>
