<?xml version="1.0" encoding="UTF-8"?>
<testsuite name="com.wex.purchasetransaction.e2e.PurchaseTransactionE2ETest" tests="8" skipped="0" failures="0" errors="0" timestamp="2026-04-20T15:26:51" hostname="Marcuss-MBP" time="5.866">
  <properties/>
  <testcase name="shouldReturn422WhenNoExchangeRateWithin6Months()" classname="com.wex.purchasetransaction.e2e.PurchaseTransactionE2ETest" time="5.373"/>
  <testcase name="shouldReturn400WhenCurrencyCodeIsUnsupported()" classname="com.wex.purchasetransaction.e2e.PurchaseTransactionE2ETest" time="0.051"/>
  <testcase name="shouldReturn404WhenTransactionDoesNotExist()" classname="com.wex.purchasetransaction.e2e.PurchaseTransactionE2ETest" time="0.021"/>
  <testcase name="shouldReturn400WhenDescriptionExceeds50Chars()" classname="com.wex.purchasetransaction.e2e.PurchaseTransactionE2ETest" time="0.046"/>
  <testcase name="shouldReturn400WhenTransactionDateIsInFuture()" classname="com.wex.purchasetransaction.e2e.PurchaseTransactionE2ETest" time="0.036"/>
  <testcase name="shouldStoreAndRetrieveWithAmountRounding()" classname="com.wex.purchasetransaction.e2e.PurchaseTransactionE2ETest" time="0.101"/>
  <testcase name="shouldReturn400WhenAmountIsZero()" classname="com.wex.purchasetransaction.e2e.PurchaseTransactionE2ETest" time="0.023"/>
  <testcase name="shouldStoreAndRetrieveTransactionWithCurrencyConversion()" classname="com.wex.purchasetransaction.e2e.PurchaseTransactionE2ETest" time="0.203"/>
  <system-out><![CDATA[12:26:37.765 [Test worker] INFO org.springframework.test.context.support.AnnotationConfigContextLoaderUtils -- Could not detect default configuration classes for test class [com.wex.purchasetransaction.e2e.PurchaseTransactionE2ETest]: PurchaseTransactionE2ETest does not declare any static, non-private, non-final, nested classes annotated with @Configuration.
12:26:37.976 [Test worker] INFO org.springframework.boot.test.context.SpringBootTestContextBootstrapper -- Found @SpringBootConfiguration com.wex.purchasetransaction.PurchaseTransactionApplication for test class com.wex.purchasetransaction.e2e.PurchaseTransactionE2ETest

  .   ____          _            __ _ _
 /\\ / ___'_ __ _ _(_)_ __  __ _ \ \ \ \
( ( )\___ | '_ | '_| | '_ \/ _` | \ \ \ \
 \\/  ___)| |_)| | | | | || (_| |  ) ) ) )
  '  |____| .__|_| |_|_| |_\__, | / / / /
 =========|_|==============|___/=/_/_/_/

 :: Spring Boot ::                (v3.3.4)

2026-04-20T12:26:41.026-03:00  INFO 6997 --- [wex-purchase-transaction] [    Test worker] c.w.p.e2e.PurchaseTransactionE2ETest     : Starting PurchaseTransactionE2ETest using Java 21.0.9 with PID 6997 (started by bruno in /Users/bruno/study/wex/wex-purchase-transaction)
2026-04-20T12:26:41.028-03:00 DEBUG 6997 --- [wex-purchase-transaction] [    Test worker] c.w.p.e2e.PurchaseTransactionE2ETest     : Running with Spring Boot v3.3.4, Spring v6.1.13
2026-04-20T12:26:41.029-03:00  INFO 6997 --- [wex-purchase-transaction] [    Test worker] c.w.p.e2e.PurchaseTransactionE2ETest     : The following 1 profile is active: "test"
2026-04-20T12:26:43.030-03:00  INFO 6997 --- [wex-purchase-transaction] [    Test worker] .s.d.r.c.RepositoryConfigurationDelegate : Bootstrapping Spring Data JPA repositories in DEFAULT mode.
2026-04-20T12:26:43.420-03:00  INFO 6997 --- [wex-purchase-transaction] [    Test worker] .s.d.r.c.RepositoryConfigurationDelegate : Finished Spring Data repository scanning in 372 ms. Found 1 JPA repository interface.
2026-04-20T12:26:44.505-03:00  INFO 6997 --- [wex-purchase-transaction] [    Test worker] o.s.b.w.embedded.tomcat.TomcatWebServer  : Tomcat initialized with port 0 (http)
2026-04-20T12:26:44.537-03:00  INFO 6997 --- [wex-purchase-transaction] [    Test worker] o.apache.catalina.core.StandardService   : Starting service [Tomcat]
2026-04-20T12:26:44.538-03:00  INFO 6997 --- [wex-purchase-transaction] [    Test worker] o.apache.catalina.core.StandardEngine    : Starting Servlet engine: [Apache Tomcat/10.1.30]
2026-04-20T12:26:44.672-03:00  INFO 6997 --- [wex-purchase-transaction] [    Test worker] o.a.c.c.C.[Tomcat].[localhost].[/]       : Initializing Spring embedded WebApplicationContext
2026-04-20T12:26:44.673-03:00  INFO 6997 --- [wex-purchase-transaction] [    Test worker] w.s.c.ServletWebServerApplicationContext : Root WebApplicationContext: initialization completed in 3129 ms
2026-04-20T12:26:45.175-03:00  INFO 6997 --- [wex-purchase-transaction] [    Test worker] com.zaxxer.hikari.HikariDataSource       : HikariPool-1 - Starting...
2026-04-20T12:26:45.693-03:00  INFO 6997 --- [wex-purchase-transaction] [    Test worker] com.zaxxer.hikari.pool.HikariPool        : HikariPool-1 - Added connection conn0: url=jdbc:h2:mem:testdb user=SA
2026-04-20T12:26:45.696-03:00  INFO 6997 --- [wex-purchase-transaction] [    Test worker] com.zaxxer.hikari.HikariDataSource       : HikariPool-1 - Start completed.
2026-04-20T12:26:45.833-03:00  INFO 6997 --- [wex-purchase-transaction] [    Test worker] org.flywaydb.core.FlywayExecutor         : Database: jdbc:h2:mem:testdb (H2 2.2)
2026-04-20T12:26:45.841-03:00  WARN 6997 --- [wex-purchase-transaction] [    Test worker] o.f.c.internal.database.base.Database    : Flyway upgrade recommended: H2 2.2.224 is newer than this version of Flyway and support has not been tested. The latest supported version of H2 is 2.2.220.
2026-04-20T12:26:45.880-03:00  INFO 6997 --- [wex-purchase-transaction] [    Test worker] o.f.c.i.s.JdbcTableSchemaHistory         : Schema history table "PUBLIC"."flyway_schema_history" does not exist yet
2026-04-20T12:26:45.885-03:00  INFO 6997 --- [wex-purchase-transaction] [    Test worker] o.f.core.internal.command.DbValidate     : Successfully validated 1 migration (execution time 00:00.025s)
2026-04-20T12:26:45.899-03:00  INFO 6997 --- [wex-purchase-transaction] [    Test worker] o.f.c.i.s.JdbcTableSchemaHistory         : Creating Schema History table "PUBLIC"."flyway_schema_history" ...
2026-04-20T12:26:45.957-03:00  INFO 6997 --- [wex-purchase-transaction] [    Test worker] o.f.core.internal.command.DbMigrate      : Current version of schema "PUBLIC": << Empty Schema >>
2026-04-20T12:26:45.963-03:00  INFO 6997 --- [wex-purchase-transaction] [    Test worker] o.f.core.internal.command.DbMigrate      : Migrating schema "PUBLIC" to version "1 - create purchase transaction table"
2026-04-20T12:26:45.990-03:00  INFO 6997 --- [wex-purchase-transaction] [    Test worker] o.f.core.internal.command.DbMigrate      : Successfully applied 1 migration to schema "PUBLIC", now at version v1 (execution time 00:00.003s)
2026-04-20T12:26:46.153-03:00  INFO 6997 --- [wex-purchase-transaction] [    Test worker] o.hibernate.jpa.internal.util.LogHelper  : HHH000204: Processing PersistenceUnitInfo [name: default]
2026-04-20T12:26:46.295-03:00  INFO 6997 --- [wex-purchase-transaction] [    Test worker] org.hibernate.Version                    : HHH000412: Hibernate ORM core version 6.5.3.Final
2026-04-20T12:26:46.375-03:00  INFO 6997 --- [wex-purchase-transaction] [    Test worker] o.h.c.internal.RegionFactoryInitiator    : HHH000026: Second-level cache disabled
2026-04-20T12:26:47.071-03:00  INFO 6997 --- [wex-purchase-transaction] [    Test worker] o.s.o.j.p.SpringPersistenceUnitInfo      : No LoadTimeWeaver setup: ignoring JPA class transformer
2026-04-20T12:26:47.179-03:00  WARN 6997 --- [wex-purchase-transaction] [    Test worker] org.hibernate.orm.deprecation            : HHH90000025: H2Dialect does not need to be specified explicitly using 'hibernate.dialect' (remove the property setting and it will be selected by default)
2026-04-20T12:26:48.904-03:00  INFO 6997 --- [wex-purchase-transaction] [    Test worker] o.h.e.t.j.p.i.JtaPlatformInitiator       : HHH000489: No JTA platform available (set 'hibernate.transaction.jta.platform' to enable JTA platform integration)
2026-04-20T12:26:48.952-03:00  INFO 6997 --- [wex-purchase-transaction] [    Test worker] j.LocalContainerEntityManagerFactoryBean : Initialized JPA EntityManagerFactory for persistence unit 'default'
2026-04-20T12:26:50.410-03:00  WARN 6997 --- [wex-purchase-transaction] [    Test worker] JpaBaseConfiguration$JpaWebConfiguration : spring.jpa.open-in-view is enabled by default. Therefore, database queries may be performed during view rendering. Explicitly configure spring.jpa.open-in-view to disable this warning
2026-04-20T12:26:51.276-03:00  INFO 6997 --- [wex-purchase-transaction] [    Test worker] o.s.b.w.embedded.tomcat.TomcatWebServer  : Tomcat started on port 51870 (http) with context path '/'
2026-04-20T12:26:51.288-03:00  INFO 6997 --- [wex-purchase-transaction] [    Test worker] c.w.p.e2e.PurchaseTransactionE2ETest     : Started PurchaseTransactionE2ETest in 10.988 seconds (process running for 15.495)
2026-04-20T12:26:53.656-03:00  INFO 6997 --- [wex-purchase-transaction] [o-auto-1-exec-1] o.a.c.c.C.[Tomcat].[localhost].[/]       : Initializing Spring DispatcherServlet 'dispatcherServlet'
2026-04-20T12:26:53.657-03:00  INFO 6997 --- [wex-purchase-transaction] [o-auto-1-exec-1] o.s.web.servlet.DispatcherServlet        : Initializing Servlet 'dispatcherServlet'
2026-04-20T12:26:53.658-03:00  INFO 6997 --- [wex-purchase-transaction] [o-auto-1-exec-1] o.s.web.servlet.DispatcherServlet        : Completed initialization in 1 ms
2026-04-20T12:26:55.184-03:00  INFO 6997 --- [wex-purchase-transaction] [o-auto-1-exec-2] c.w.p.i.e.treasury.TreasuryApiClient     : Treasury API --> GET http://localhost:8089?fields=country_currency_desc,exchange_rate,record_date&filter=country_currency_desc:eq:Euro%20Zone-Euro,record_date:gte:2023-09-15,record_date:lte:2024-03-15&sort=-record_date&page%5Bsize%5D=1
2026-04-20T12:26:55.223-03:00 DEBUG 6997 --- [wex-purchase-transaction] [o-auto-1-exec-2] c.w.p.i.config.WebClientConfig           : Treasury API (filter) --> GET http://localhost:8089?fields=country_currency_desc,exchange_rate,record_date&filter=country_currency_desc:eq:Euro%20Zone-Euro,record_date:gte:2023-09-15,record_date:lte:2024-03-15&sort=-record_date&page%5Bsize%5D=1
2026-04-20T12:26:56.560-03:00 DEBUG 6997 --- [wex-purchase-transaction] [ctor-http-nio-2] c.w.p.i.config.WebClientConfig           : Treasury API (filter) <-- 200 OK
2026-04-20T12:26:56.599-03:00  INFO 6997 --- [wex-purchase-transaction] [ctor-http-nio-2] c.w.p.i.e.treasury.TreasuryApiClient     : Treasury API <-- 200 OK body: TreasuryApiResponse[data=[]]
2026-04-20T12:26:56.885-03:00  INFO 6997 --- [wex-purchase-transaction] [o-auto-1-exec-9] c.w.p.i.e.treasury.TreasuryApiClient     : Treasury API --> GET http://localhost:8089?fields=country_currency_desc,exchange_rate,record_date&filter=country_currency_desc:eq:Japan-Yen,record_date:gte:2023-09-15,record_date:lte:2024-03-15&sort=-record_date&page%5Bsize%5D=1
2026-04-20T12:26:56.886-03:00 DEBUG 6997 --- [wex-purchase-transaction] [o-auto-1-exec-9] c.w.p.i.config.WebClientConfig           : Treasury API (filter) --> GET http://localhost:8089?fields=country_currency_desc,exchange_rate,record_date&filter=country_currency_desc:eq:Japan-Yen,record_date:gte:2023-09-15,record_date:lte:2024-03-15&sort=-record_date&page%5Bsize%5D=1
2026-04-20T12:26:56.893-03:00 DEBUG 6997 --- [wex-purchase-transaction] [ctor-http-nio-2] c.w.p.i.config.WebClientConfig           : Treasury API (filter) <-- 200 OK
2026-04-20T12:26:56.895-03:00  INFO 6997 --- [wex-purchase-transaction] [ctor-http-nio-2] c.w.p.i.e.treasury.TreasuryApiClient     : Treasury API <-- 200 OK body: TreasuryApiResponse[data=[ExchangeRateData[countryCurrentDesc=Japan-Yen, exchangeRate=149.75, recordDate=2024-03-01]]]
2026-04-20T12:26:57.066-03:00  INFO 6997 --- [wex-purchase-transaction] [o-auto-1-exec-2] c.w.p.i.e.treasury.TreasuryApiClient     : Treasury API --> GET http://localhost:8089?fields=country_currency_desc,exchange_rate,record_date&filter=country_currency_desc:eq:Brazil-Real,record_date:gte:2023-09-15,record_date:lte:2024-03-15&sort=-record_date&page%5Bsize%5D=1
2026-04-20T12:26:57.067-03:00 DEBUG 6997 --- [wex-purchase-transaction] [o-auto-1-exec-2] c.w.p.i.config.WebClientConfig           : Treasury API (filter) --> GET http://localhost:8089?fields=country_currency_desc,exchange_rate,record_date&filter=country_currency_desc:eq:Brazil-Real,record_date:gte:2023-09-15,record_date:lte:2024-03-15&sort=-record_date&page%5Bsize%5D=1
2026-04-20T12:26:57.073-03:00 DEBUG 6997 --- [wex-purchase-transaction] [ctor-http-nio-2] c.w.p.i.config.WebClientConfig           : Treasury API (filter) <-- 200 OK
2026-04-20T12:26:57.074-03:00  INFO 6997 --- [wex-purchase-transaction] [ctor-http-nio-2] c.w.p.i.e.treasury.TreasuryApiClient     : Treasury API <-- 200 OK body: TreasuryApiResponse[data=[ExchangeRateData[countryCurrentDesc=Brazil-Real, exchangeRate=5.00, recordDate=2024-03-01]]]
]]></system-out>
  <system-err><![CDATA[WARNING: A Java agent has been loaded dynamically (/Users/bruno/.gradle/caches/modules-2/files-2.1/net.bytebuddy/byte-buddy-agent/1.14.19/154da3a65b4f4a909d3e5bdec55d1b2b4cbb6ce1/byte-buddy-agent-1.14.19.jar)
WARNING: If a serviceability tool is in use, please run with -XX:+EnableDynamicAgentLoading to hide this warning
WARNING: If a serviceability tool is not in use, please run with -Djdk.instrument.traceUsage for more information
WARNING: Dynamic loading of agents will be disallowed by default in a future release
]]></system-err>
</testsuite>
