<?xml version="1.0" encoding="UTF-8"?>
<testsuite name="com.wex.purchasetransaction.unit.application.service.StorePurchaseTransactionServiceTest" tests="2" skipped="0" failures="0" errors="0" timestamp="2026-04-20T15:27:15" hostname="Marcuss-MBP" time="0.028">
  <properties/>
  <testcase name="store_shouldSaveAndReturnResult()" classname="com.wex.purchasetransaction.unit.application.service.StorePurchaseTransactionServiceTest" time="0.024"/>
  <testcase name="store_shouldRoundAmountBeforePersisting()" classname="com.wex.purchasetransaction.unit.application.service.StorePurchaseTransactionServiceTest" time="0.002"/>
  <system-out><![CDATA[]]></system-out>
  <system-err><![CDATA[]]></system-err>
</testsuite>
