<?xml version="1.0" encoding="UTF-8"?>
<testsuite name="com.wex.purchasetransaction.integration.persistence.PurchaseTransactionRepositoryAdapterIT" tests="3" skipped="0" failures="0" errors="0" timestamp="2026-04-20T15:27:14" hostname="Marcuss-MBP" time="0.03">
  <properties/>
  <testcase name="save_shouldPersistAndRetrieveTransaction()" classname="com.wex.purchasetransaction.integration.persistence.PurchaseTransactionRepositoryAdapterIT" time="0.015"/>
  <testcase name="findById_shouldReturnEmptyWhenNotFound()" classname="com.wex.purchasetransaction.integration.persistence.PurchaseTransactionRepositoryAdapterIT" time="0.004"/>
  <testcase name="save_shouldAssignUniqueIds()" classname="com.wex.purchasetransaction.integration.persistence.PurchaseTransactionRepositoryAdapterIT" time="0.009"/>
  <system-out><![CDATA[2026-04-20T12:27:14.313-03:00  INFO 6997 --- [wex-purchase-transaction] [    Test worker] t.c.s.AnnotationConfigContextLoaderUtils : Could not detect default configuration classes for test class [com.wex.purchasetransaction.integration.persistence.PurchaseTransactionRepositoryAdapterIT]: PurchaseTransactionRepositoryAdapterIT does not declare any static, non-private, non-final, nested classes annotated with @Configuration.
2026-04-20T12:27:14.336-03:00  INFO 6997 --- [wex-purchase-transaction] [    Test worker] .b.t.c.SpringBootTestContextBootstrapper : Found @SpringBootConfiguration com.wex.purchasetransaction.PurchaseTransactionApplication for test class com.wex.purchasetransaction.integration.persistence.PurchaseTransactionRepositoryAdapterIT

  .   ____          _            __ _ _
 /\\ / ___'_ __ _ _(_)_ __  __ _ \ \ \ \
( ( )\___ | '_ | '_| | '_ \/ _` | \ \ \ \
 \\/  ___)| |_)| | | | | || (_| |  ) ) ) )
  '  |____| .__|_| |_|_| |_\__, | / / / /
 =========|_|==============|___/=/_/_/_/

 :: Spring Boot ::                (v3.3.4)

2026-04-20T12:27:14.379-03:00  INFO 6997 --- [wex-purchase-transaction] [    Test worker] p.PurchaseTransactionRepositoryAdapterIT : Starting PurchaseTransactionRepositoryAdapterIT using Java 21.0.9 with PID 6997 (started by bruno in /Users/bruno/study/wex/wex-purchase-transaction)
2026-04-20T12:27:14.379-03:00 DEBUG 6997 --- [wex-purchase-transaction] [    Test worker] p.PurchaseTransactionRepositoryAdapterIT : Running with Spring Boot v3.3.4, Spring v6.1.13
2026-04-20T12:27:14.379-03:00  INFO 6997 --- [wex-purchase-transaction] [    Test worker] p.PurchaseTransactionRepositoryAdapterIT : The following 1 profile is active: "test"
2026-04-20T12:27:14.495-03:00  INFO 6997 --- [wex-purchase-transaction] [    Test worker] .s.d.r.c.RepositoryConfigurationDelegate : Bootstrapping Spring Data JPA repositories in DEFAULT mode.
2026-04-20T12:27:14.511-03:00  INFO 6997 --- [wex-purchase-transaction] [    Test worker] .s.d.r.c.RepositoryConfigurationDelegate : Finished Spring Data repository scanning in 15 ms. Found 1 JPA repository interface.
2026-04-20T12:27:14.529-03:00  INFO 6997 --- [wex-purchase-transaction] [    Test worker] beddedDataSourceBeanFactoryPostProcessor : Replacing 'dataSource' DataSource bean with embedded version
2026-04-20T12:27:14.566-03:00  INFO 6997 --- [wex-purchase-transaction] [    Test worker] o.s.j.d.e.EmbeddedDatabaseFactory        : Starting embedded database: url='jdbc:h2:mem:44e00a7d-6413-4c88-9c8e-bd1a09191aa8;DB_CLOSE_DELAY=-1;DB_CLOSE_ON_EXIT=false', username='sa'
2026-04-20T12:27:14.581-03:00  INFO 6997 --- [wex-purchase-transaction] [    Test worker] org.flywaydb.core.FlywayExecutor         : Database: jdbc:h2:mem:44e00a7d-6413-4c88-9c8e-bd1a09191aa8 (H2 2.2)
2026-04-20T12:27:14.582-03:00  WARN 6997 --- [wex-purchase-transaction] [    Test worker] o.f.c.internal.database.base.Database    : Flyway upgrade recommended: H2 2.2.224 is newer than this version of Flyway and support has not been tested. The latest supported version of H2 is 2.2.220.
2026-04-20T12:27:14.584-03:00  INFO 6997 --- [wex-purchase-transaction] [    Test worker] o.f.c.i.s.JdbcTableSchemaHistory         : Schema history table "PUBLIC"."flyway_schema_history" does not exist yet
2026-04-20T12:27:14.584-03:00  INFO 6997 --- [wex-purchase-transaction] [    Test worker] o.f.core.internal.command.DbValidate     : Successfully validated 1 migration (execution time 00:00.001s)
2026-04-20T12:27:14.586-03:00  INFO 6997 --- [wex-purchase-transaction] [    Test worker] o.f.c.i.s.JdbcTableSchemaHistory         : Creating Schema History table "PUBLIC"."flyway_schema_history" ...
2026-04-20T12:27:14.593-03:00  INFO 6997 --- [wex-purchase-transaction] [    Test worker] o.f.core.internal.command.DbMigrate      : Current version of schema "PUBLIC": << Empty Schema >>
2026-04-20T12:27:14.596-03:00  INFO 6997 --- [wex-purchase-transaction] [    Test worker] o.f.core.internal.command.DbMigrate      : Migrating schema "PUBLIC" to version "1 - create purchase transaction table"
2026-04-20T12:27:14.600-03:00  INFO 6997 --- [wex-purchase-transaction] [    Test worker] o.f.core.internal.command.DbMigrate      : Successfully applied 1 migration to schema "PUBLIC", now at version v1 (execution time 00:00.001s)
2026-04-20T12:27:14.614-03:00  INFO 6997 --- [wex-purchase-transaction] [    Test worker] o.hibernate.jpa.internal.util.LogHelper  : HHH000204: Processing PersistenceUnitInfo [name: default]
2026-04-20T12:27:14.617-03:00  INFO 6997 --- [wex-purchase-transaction] [    Test worker] o.h.c.internal.RegionFactoryInitiator    : HHH000026: Second-level cache disabled
2026-04-20T12:27:14.625-03:00  INFO 6997 --- [wex-purchase-transaction] [    Test worker] o.s.o.j.p.SpringPersistenceUnitInfo      : No LoadTimeWeaver setup: ignoring JPA class transformer
2026-04-20T12:27:14.626-03:00  WARN 6997 --- [wex-purchase-transaction] [    Test worker] org.hibernate.orm.deprecation            : HHH90000025: H2Dialect does not need to be specified explicitly using 'hibernate.dialect' (remove the property setting and it will be selected by default)
2026-04-20T12:27:14.665-03:00  INFO 6997 --- [wex-purchase-transaction] [    Test worker] o.h.e.t.j.p.i.JtaPlatformInitiator       : HHH000489: No JTA platform available (set 'hibernate.transaction.jta.platform' to enable JTA platform integration)
2026-04-20T12:27:14.667-03:00  INFO 6997 --- [wex-purchase-transaction] [    Test worker] j.LocalContainerEntityManagerFactoryBean : Initialized JPA EntityManagerFactory for persistence unit 'default'
2026-04-20T12:27:14.694-03:00  INFO 6997 --- [wex-purchase-transaction] [    Test worker] p.PurchaseTransactionRepositoryAdapterIT : Started PurchaseTransactionRepositoryAdapterIT in 0.355 seconds (process running for 38.902)
Hibernate: 
    select
        ptje1_0.id,
        ptje1_0.amount_usd,
        ptje1_0.created_at,
        ptje1_0.description,
        ptje1_0.transaction_date 
    from
        purchase_transaction ptje1_0 
    where
        ptje1_0.id=?
Hibernate: 
    select
        ptje1_0.id,
        ptje1_0.amount_usd,
        ptje1_0.created_at,
        ptje1_0.description,
        ptje1_0.transaction_date 
    from
        purchase_transaction ptje1_0 
    where
        ptje1_0.id=?
Hibernate: 
    select
        ptje1_0.id,
        ptje1_0.amount_usd,
        ptje1_0.created_at,
        ptje1_0.description,
        ptje1_0.transaction_date 
    from
        purchase_transaction ptje1_0 
    where
        ptje1_0.id=?
Hibernate: 
    select
        ptje1_0.id,
        ptje1_0.amount_usd,
        ptje1_0.created_at,
        ptje1_0.description,
        ptje1_0.transaction_date 
    from
        purchase_transaction ptje1_0 
    where
        ptje1_0.id=?
]]></system-out>
  <system-err><![CDATA[]]></system-err>
</testsuite>
